{"/home/william/Desktop/sdu/5sem/DM571/projekt/prod/routes/index.js": {"path":"/home/william/Desktop/sdu/5sem/DM571/projekt/prod/routes/index.js","statementMap":{"0":{"start":{"line":1,"column":14},"end":{"line":1,"column":32}},"1":{"start":{"line":4,"column":13},"end":{"line":4,"column":29}},"2":{"start":{"line":6,"column":16},"end":{"line":6,"column":17}},"3":{"start":{"line":7,"column":18},"end":{"line":7,"column":19}},"4":{"start":{"line":8,"column":13},"end":{"line":8,"column":14}},"5":{"start":{"line":13,"column":4},"end":{"line":13,"column":28}},"6":{"start":{"line":16,"column":4},"end":{"line":16,"column":32}},"7":{"start":{"line":17,"column":4},"end":{"line":17,"column":29}},"8":{"start":{"line":18,"column":4},"end":{"line":18,"column":25}},"9":{"start":{"line":19,"column":4},"end":{"line":19,"column":29}},"10":{"start":{"line":25,"column":4},"end":{"line":25,"column":31}},"11":{"start":{"line":26,"column":4},"end":{"line":26,"column":29}},"12":{"start":{"line":32,"column":4},"end":{"line":32,"column":17}},"13":{"start":{"line":33,"column":4},"end":{"line":33,"column":29}},"14":{"start":{"line":34,"column":4},"end":{"line":34,"column":27}},"15":{"start":{"line":40,"column":4},"end":{"line":40,"column":25}},"16":{"start":{"line":41,"column":4},"end":{"line":41,"column":21}},"17":{"start":{"line":42,"column":4},"end":{"line":42,"column":23}},"18":{"start":{"line":43,"column":4},"end":{"line":43,"column":19}},"19":{"start":{"line":50,"column":4},"end":{"line":50,"column":17}},"20":{"start":{"line":51,"column":4},"end":{"line":51,"column":21}},"21":{"start":{"line":57,"column":4},"end":{"line":57,"column":23}},"22":{"start":{"line":58,"column":4},"end":{"line":58,"column":29}},"23":{"start":{"line":59,"column":4},"end":{"line":59,"column":31}},"24":{"start":{"line":60,"column":4},"end":{"line":60,"column":29}},"25":{"start":{"line":61,"column":4},"end":{"line":61,"column":23}},"26":{"start":{"line":62,"column":4},"end":{"line":62,"column":29}},"27":{"start":{"line":63,"column":4},"end":{"line":63,"column":23}},"28":{"start":{"line":64,"column":4},"end":{"line":64,"column":33}},"29":{"start":{"line":70,"column":4},"end":{"line":70,"column":17}},"30":{"start":{"line":71,"column":4},"end":{"line":71,"column":21}},"31":{"start":{"line":78,"column":4},"end":{"line":78,"column":26}},"32":{"start":{"line":79,"column":4},"end":{"line":79,"column":23}},"33":{"start":{"line":80,"column":4},"end":{"line":80,"column":21}},"34":{"start":{"line":81,"column":4},"end":{"line":81,"column":29}},"35":{"start":{"line":82,"column":4},"end":{"line":82,"column":31}},"36":{"start":{"line":83,"column":4},"end":{"line":83,"column":21}},"37":{"start":{"line":84,"column":4},"end":{"line":84,"column":25}},"38":{"start":{"line":85,"column":4},"end":{"line":85,"column":31}},"39":{"start":{"line":89,"column":12},"end":{"line":92,"column":1}},"40":{"start":{"line":94,"column":20},"end":{"line":94,"column":47}},"41":{"start":{"line":95,"column":18},"end":{"line":95,"column":45}},"42":{"start":{"line":96,"column":11},"end":{"line":96,"column":40}},"43":{"start":{"line":99,"column":15},"end":{"line":137,"column":1}},"44":{"start":{"line":140,"column":13},"end":{"line":141,"column":1}},"45":{"start":{"line":143,"column":0},"end":{"line":143,"column":20}},"46":{"start":{"line":144,"column":0},"end":{"line":144,"column":26}},"47":{"start":{"line":146,"column":0},"end":{"line":148,"column":1}},"48":{"start":{"line":146,"column":14},"end":{"line":146,"column":15}},"49":{"start":{"line":147,"column":2},"end":{"line":147,"column":121}},"50":{"start":{"line":150,"column":13},"end":{"line":150,"column":15}},"51":{"start":{"line":152,"column":0},"end":{"line":152,"column":25}},"52":{"start":{"line":153,"column":0},"end":{"line":153,"column":25}},"53":{"start":{"line":158,"column":16},"end":{"line":158,"column":30}},"54":{"start":{"line":160,"column":14},"end":{"line":160,"column":17}},"55":{"start":{"line":162,"column":2},"end":{"line":174,"column":3}},"56":{"start":{"line":162,"column":16},"end":{"line":162,"column":17}},"57":{"start":{"line":163,"column":24},"end":{"line":163,"column":32}},"58":{"start":{"line":166,"column":4},"end":{"line":173,"column":5}},"59":{"start":{"line":166,"column":20},"end":{"line":166,"column":21}},"60":{"start":{"line":167,"column":6},"end":{"line":172,"column":7}},"61":{"start":{"line":167,"column":20},"end":{"line":167,"column":21}},"62":{"start":{"line":168,"column":31},"end":{"line":168,"column":47}},"63":{"start":{"line":169,"column":8},"end":{"line":171,"column":9}},"64":{"start":{"line":170,"column":10},"end":{"line":170,"column":67}},"65":{"start":{"line":175,"column":2},"end":{"line":175,"column":15}},"66":{"start":{"line":179,"column":2},"end":{"line":186,"column":3}},"67":{"start":{"line":179,"column":18},"end":{"line":179,"column":19}},"68":{"start":{"line":180,"column":4},"end":{"line":185,"column":5}},"69":{"start":{"line":180,"column":18},"end":{"line":180,"column":19}},"70":{"start":{"line":181,"column":29},"end":{"line":181,"column":45}},"71":{"start":{"line":182,"column":6},"end":{"line":184,"column":7}},"72":{"start":{"line":183,"column":8},"end":{"line":183,"column":36}},"73":{"start":{"line":187,"column":2},"end":{"line":187,"column":12}},"74":{"start":{"line":191,"column":18},"end":{"line":249,"column":1}},"75":{"start":{"line":194,"column":4},"end":{"line":201,"column":6}},"76":{"start":{"line":205,"column":4},"end":{"line":205,"column":24}},"77":{"start":{"line":206,"column":4},"end":{"line":213,"column":8}},"78":{"start":{"line":217,"column":14},"end":{"line":217,"column":72}},"79":{"start":{"line":220,"column":4},"end":{"line":220,"column":15}},"80":{"start":{"line":225,"column":4},"end":{"line":232,"column":6}},"81":{"start":{"line":236,"column":4},"end":{"line":243,"column":6}},"82":{"start":{"line":253,"column":0},"end":{"line":258,"column":3}},"83":{"start":{"line":254,"column":2},"end":{"line":257,"column":6}},"84":{"start":{"line":260,"column":0},"end":{"line":263,"column":2}},"85":{"start":{"line":261,"column":2},"end":{"line":261,"column":40}},"86":{"start":{"line":265,"column":0},"end":{"line":274,"column":2}},"87":{"start":{"line":266,"column":2},"end":{"line":273,"column":6}},"88":{"start":{"line":276,"column":0},"end":{"line":284,"column":2}},"89":{"start":{"line":277,"column":2},"end":{"line":283,"column":6}},"90":{"start":{"line":286,"column":0},"end":{"line":297,"column":2}},"91":{"start":{"line":287,"column":2},"end":{"line":296,"column":6}},"92":{"start":{"line":299,"column":0},"end":{"line":310,"column":2}},"93":{"start":{"line":300,"column":2},"end":{"line":309,"column":6}},"94":{"start":{"line":313,"column":0},"end":{"line":316,"column":2}},"95":{"start":{"line":314,"column":2},"end":{"line":314,"column":47}},"96":{"start":{"line":319,"column":0},"end":{"line":331,"column":2}},"97":{"start":{"line":320,"column":2},"end":{"line":320,"column":24}},"98":{"start":{"line":321,"column":2},"end":{"line":330,"column":6}},"99":{"start":{"line":338,"column":0},"end":{"line":351,"column":4}},"100":{"start":{"line":339,"column":2},"end":{"line":339,"column":29}},"101":{"start":{"line":340,"column":11},"end":{"line":340,"column":62}},"102":{"start":{"line":341,"column":2},"end":{"line":341,"column":34}},"103":{"start":{"line":341,"column":26},"end":{"line":341,"column":34}},"104":{"start":{"line":342,"column":2},"end":{"line":342,"column":17}},"105":{"start":{"line":343,"column":2},"end":{"line":349,"column":6}},"106":{"start":{"line":353,"column":0},"end":{"line":362,"column":4}},"107":{"start":{"line":355,"column":11},"end":{"line":355,"column":62}},"108":{"start":{"line":357,"column":2},"end":{"line":358,"column":61}},"109":{"start":{"line":358,"column":4},"end":{"line":358,"column":61}},"110":{"start":{"line":360,"column":2},"end":{"line":360,"column":106}},"111":{"start":{"line":366,"column":2},"end":{"line":375,"column":3}},"112":{"start":{"line":367,"column":4},"end":{"line":367,"column":54}},"113":{"start":{"line":367,"column":24},"end":{"line":367,"column":53}},"114":{"start":{"line":368,"column":9},"end":{"line":375,"column":3}},"115":{"start":{"line":369,"column":4},"end":{"line":369,"column":61}},"116":{"start":{"line":369,"column":24},"end":{"line":369,"column":60}},"117":{"start":{"line":370,"column":9},"end":{"line":375,"column":3}},"118":{"start":{"line":371,"column":4},"end":{"line":371,"column":54}},"119":{"start":{"line":371,"column":24},"end":{"line":371,"column":53}},"120":{"start":{"line":373,"column":4},"end":{"line":373,"column":20}},"121":{"start":{"line":377,"column":11},"end":{"line":377,"column":44}},"122":{"start":{"line":379,"column":2},"end":{"line":379,"column":20}},"123":{"start":{"line":381,"column":2},"end":{"line":381,"column":12}},"124":{"start":{"line":383,"column":0},"end":{"line":386,"column":2}},"125":{"start":{"line":384,"column":2},"end":{"line":384,"column":47}},"126":{"start":{"line":390,"column":0},"end":{"line":410,"column":2}},"127":{"start":{"line":392,"column":2},"end":{"line":392,"column":26}},"128":{"start":{"line":393,"column":2},"end":{"line":401,"column":4}},"129":{"start":{"line":403,"column":2},"end":{"line":403,"column":27}},"130":{"start":{"line":405,"column":2},"end":{"line":405,"column":26}},"131":{"start":{"line":408,"column":2},"end":{"line":408,"column":119}},"132":{"start":{"line":412,"column":0},"end":{"line":438,"column":2}},"133":{"start":{"line":413,"column":2},"end":{"line":413,"column":26}},"134":{"start":{"line":414,"column":11},"end":{"line":414,"column":29}},"135":{"start":{"line":420,"column":2},"end":{"line":433,"column":3}},"136":{"start":{"line":421,"column":4},"end":{"line":421,"column":21}},"137":{"start":{"line":423,"column":4},"end":{"line":432,"column":5}},"138":{"start":{"line":423,"column":18},"end":{"line":423,"column":19}},"139":{"start":{"line":424,"column":6},"end":{"line":424,"column":67}},"140":{"start":{"line":425,"column":6},"end":{"line":430,"column":7}},"141":{"start":{"line":426,"column":8},"end":{"line":426,"column":20}},"142":{"start":{"line":427,"column":8},"end":{"line":427,"column":52}},"143":{"start":{"line":428,"column":8},"end":{"line":428,"column":52}},"144":{"start":{"line":429,"column":8},"end":{"line":429,"column":15}},"145":{"start":{"line":434,"column":4},"end":{"line":434,"column":43}},"146":{"start":{"line":441,"column":11},"end":{"line":441,"column":13}},"147":{"start":{"line":442,"column":2},"end":{"line":442,"column":36}},"148":{"start":{"line":443,"column":2},"end":{"line":443,"column":46}},"149":{"start":{"line":444,"column":2},"end":{"line":459,"column":3}},"150":{"start":{"line":445,"column":4},"end":{"line":458,"column":5}},"151":{"start":{"line":446,"column":6},"end":{"line":446,"column":23}},"152":{"start":{"line":447,"column":16},"end":{"line":447,"column":84}},"153":{"start":{"line":447,"column":40},"end":{"line":447,"column":82}},"154":{"start":{"line":448,"column":6},"end":{"line":456,"column":11}},"155":{"start":{"line":449,"column":8},"end":{"line":456,"column":11}},"156":{"start":{"line":457,"column":8},"end":{"line":457,"column":24}},"157":{"start":{"line":460,"column":2},"end":{"line":460,"column":12}},"158":{"start":{"line":464,"column":14},"end":{"line":464,"column":19}},"159":{"start":{"line":466,"column":2},"end":{"line":466,"column":36}},"160":{"start":{"line":467,"column":2},"end":{"line":467,"column":44}},"161":{"start":{"line":468,"column":2},"end":{"line":473,"column":3}},"162":{"start":{"line":469,"column":4},"end":{"line":472,"column":5}},"163":{"start":{"line":470,"column":6},"end":{"line":470,"column":19}},"164":{"start":{"line":471,"column":6},"end":{"line":471,"column":12}},"165":{"start":{"line":474,"column":2},"end":{"line":474,"column":89}},"166":{"start":{"line":475,"column":2},"end":{"line":475,"column":32}},"167":{"start":{"line":476,"column":2},"end":{"line":485,"column":3}},"168":{"start":{"line":478,"column":4},"end":{"line":478,"column":37}},"169":{"start":{"line":481,"column":4},"end":{"line":481,"column":33}},"170":{"start":{"line":482,"column":4},"end":{"line":482,"column":34}},"171":{"start":{"line":483,"column":4},"end":{"line":483,"column":60}},"172":{"start":{"line":484,"column":4},"end":{"line":484,"column":31}},"173":{"start":{"line":489,"column":0},"end":{"line":502,"column":3}},"174":{"start":{"line":490,"column":2},"end":{"line":490,"column":31}},"175":{"start":{"line":491,"column":11},"end":{"line":491,"column":38}},"176":{"start":{"line":493,"column":2},"end":{"line":493,"column":28}},"177":{"start":{"line":494,"column":2},"end":{"line":501,"column":6}},"178":{"start":{"line":504,"column":0},"end":{"line":520,"column":4}},"179":{"start":{"line":505,"column":10},"end":{"line":505,"column":20}},"180":{"start":{"line":506,"column":13},"end":{"line":506,"column":26}},"181":{"start":{"line":507,"column":11},"end":{"line":507,"column":22}},"182":{"start":{"line":508,"column":2},"end":{"line":508,"column":22}},"183":{"start":{"line":509,"column":2},"end":{"line":509,"column":24}},"184":{"start":{"line":510,"column":2},"end":{"line":510,"column":26}},"185":{"start":{"line":511,"column":2},"end":{"line":518,"column":3}},"186":{"start":{"line":511,"column":20},"end":{"line":511,"column":21}},"187":{"start":{"line":512,"column":4},"end":{"line":512,"column":33}},"188":{"start":{"line":513,"column":4},"end":{"line":513,"column":36}},"189":{"start":{"line":514,"column":4},"end":{"line":517,"column":5}},"190":{"start":{"line":515,"column":6},"end":{"line":515,"column":40}},"191":{"start":{"line":516,"column":6},"end":{"line":516,"column":40}},"192":{"start":{"line":519,"column":2},"end":{"line":519,"column":50}},"193":{"start":{"line":522,"column":0},"end":{"line":533,"column":4}},"194":{"start":{"line":523,"column":17},"end":{"line":523,"column":32}},"195":{"start":{"line":525,"column":2},"end":{"line":532,"column":3}},"196":{"start":{"line":526,"column":4},"end":{"line":526,"column":42}},"197":{"start":{"line":527,"column":4},"end":{"line":527,"column":24}},"198":{"start":{"line":529,"column":4},"end":{"line":529,"column":38}},"199":{"start":{"line":531,"column":4},"end":{"line":531,"column":43}},"200":{"start":{"line":535,"column":0},"end":{"line":535,"column":117}}},"fnMap":{"0":{"name":"(anonymous_0)","decl":{"start":{"line":11,"column":2},"end":{"line":11,"column":3}},"loc":{"start":{"line":11,"column":56},"end":{"line":20,"column":3}},"line":11},"1":{"name":"(anonymous_1)","decl":{"start":{"line":24,"column":2},"end":{"line":24,"column":3}},"loc":{"start":{"line":24,"column":37},"end":{"line":27,"column":3}},"line":24},"2":{"name":"(anonymous_2)","decl":{"start":{"line":31,"column":2},"end":{"line":31,"column":3}},"loc":{"start":{"line":31,"column":39},"end":{"line":35,"column":3}},"line":31},"3":{"name":"(anonymous_3)","decl":{"start":{"line":39,"column":2},"end":{"line":39,"column":3}},"loc":{"start":{"line":39,"column":42},"end":{"line":44,"column":3}},"line":39},"4":{"name":"(anonymous_4)","decl":{"start":{"line":49,"column":2},"end":{"line":49,"column":3}},"loc":{"start":{"line":49,"column":26},"end":{"line":52,"column":3}},"line":49},"5":{"name":"(anonymous_5)","decl":{"start":{"line":56,"column":2},"end":{"line":56,"column":3}},"loc":{"start":{"line":56,"column":83},"end":{"line":65,"column":3}},"line":56},"6":{"name":"(anonymous_6)","decl":{"start":{"line":69,"column":2},"end":{"line":69,"column":3}},"loc":{"start":{"line":69,"column":26},"end":{"line":73,"column":3}},"line":69},"7":{"name":"(anonymous_7)","decl":{"start":{"line":77,"column":2},"end":{"line":77,"column":3}},"loc":{"start":{"line":77,"column":75},"end":{"line":86,"column":3}},"line":77},"8":{"name":"calcBasketPrice","decl":{"start":{"line":156,"column":9},"end":{"line":156,"column":24}},"loc":{"start":{"line":156,"column":35},"end":{"line":176,"column":1}},"line":156},"9":{"name":"findProductPrice","decl":{"start":{"line":178,"column":9},"end":{"line":178,"column":25}},"loc":{"start":{"line":178,"column":39},"end":{"line":188,"column":1}},"line":178},"10":{"name":"(anonymous_10)","decl":{"start":{"line":193,"column":15},"end":{"line":193,"column":16}},"loc":{"start":{"line":193,"column":39},"end":{"line":202,"column":3}},"line":193},"11":{"name":"(anonymous_11)","decl":{"start":{"line":204,"column":12},"end":{"line":204,"column":13}},"loc":{"start":{"line":204,"column":23},"end":{"line":214,"column":3}},"line":204},"12":{"name":"(anonymous_12)","decl":{"start":{"line":216,"column":16},"end":{"line":216,"column":17}},"loc":{"start":{"line":216,"column":36},"end":{"line":221,"column":3}},"line":216},"13":{"name":"(anonymous_13)","decl":{"start":{"line":223,"column":12},"end":{"line":223,"column":13}},"loc":{"start":{"line":223,"column":32},"end":{"line":233,"column":3}},"line":223},"14":{"name":"(anonymous_14)","decl":{"start":{"line":235,"column":30},"end":{"line":235,"column":31}},"loc":{"start":{"line":235,"column":63},"end":{"line":247,"column":3}},"line":235},"15":{"name":"(anonymous_15)","decl":{"start":{"line":253,"column":16},"end":{"line":253,"column":17}},"loc":{"start":{"line":253,"column":41},"end":{"line":258,"column":1}},"line":253},"16":{"name":"(anonymous_16)","decl":{"start":{"line":260,"column":20},"end":{"line":260,"column":21}},"loc":{"start":{"line":260,"column":34},"end":{"line":263,"column":1}},"line":260},"17":{"name":"(anonymous_17)","decl":{"start":{"line":265,"column":23},"end":{"line":265,"column":24}},"loc":{"start":{"line":265,"column":37},"end":{"line":274,"column":1}},"line":265},"18":{"name":"(anonymous_18)","decl":{"start":{"line":276,"column":28},"end":{"line":276,"column":29}},"loc":{"start":{"line":276,"column":42},"end":{"line":284,"column":1}},"line":276},"19":{"name":"(anonymous_19)","decl":{"start":{"line":286,"column":20},"end":{"line":286,"column":21}},"loc":{"start":{"line":286,"column":34},"end":{"line":297,"column":1}},"line":286},"20":{"name":"(anonymous_20)","decl":{"start":{"line":299,"column":20},"end":{"line":299,"column":21}},"loc":{"start":{"line":299,"column":34},"end":{"line":310,"column":1}},"line":299},"21":{"name":"(anonymous_21)","decl":{"start":{"line":313,"column":27},"end":{"line":313,"column":28}},"loc":{"start":{"line":313,"column":41},"end":{"line":316,"column":1}},"line":313},"22":{"name":"(anonymous_22)","decl":{"start":{"line":319,"column":22},"end":{"line":319,"column":23}},"loc":{"start":{"line":319,"column":36},"end":{"line":331,"column":1}},"line":319},"23":{"name":"(anonymous_23)","decl":{"start":{"line":338,"column":38},"end":{"line":338,"column":39}},"loc":{"start":{"line":338,"column":52},"end":{"line":351,"column":1}},"line":338},"24":{"name":"(anonymous_24)","decl":{"start":{"line":353,"column":42},"end":{"line":353,"column":43}},"loc":{"start":{"line":353,"column":56},"end":{"line":362,"column":1}},"line":353},"25":{"name":"findByStatus","decl":{"start":{"line":364,"column":9},"end":{"line":364,"column":21}},"loc":{"start":{"line":364,"column":31},"end":{"line":382,"column":1}},"line":364},"26":{"name":"(anonymous_26)","decl":{"start":{"line":367,"column":11},"end":{"line":367,"column":12}},"loc":{"start":{"line":367,"column":24},"end":{"line":367,"column":53}},"line":367},"27":{"name":"(anonymous_27)","decl":{"start":{"line":369,"column":11},"end":{"line":369,"column":12}},"loc":{"start":{"line":369,"column":24},"end":{"line":369,"column":60}},"line":369},"28":{"name":"(anonymous_28)","decl":{"start":{"line":371,"column":11},"end":{"line":371,"column":12}},"loc":{"start":{"line":371,"column":24},"end":{"line":371,"column":53}},"line":371},"29":{"name":"(anonymous_29)","decl":{"start":{"line":383,"column":27},"end":{"line":383,"column":28}},"loc":{"start":{"line":383,"column":41},"end":{"line":386,"column":1}},"line":383},"30":{"name":"(anonymous_30)","decl":{"start":{"line":390,"column":28},"end":{"line":390,"column":29}},"loc":{"start":{"line":390,"column":42},"end":{"line":410,"column":1}},"line":390},"31":{"name":"(anonymous_31)","decl":{"start":{"line":412,"column":27},"end":{"line":412,"column":28}},"loc":{"start":{"line":412,"column":41},"end":{"line":438,"column":1}},"line":412},"32":{"name":"constructBasket","decl":{"start":{"line":440,"column":9},"end":{"line":440,"column":24}},"loc":{"start":{"line":440,"column":33},"end":{"line":461,"column":1}},"line":440},"33":{"name":"(anonymous_33)","decl":{"start":{"line":447,"column":27},"end":{"line":447,"column":28}},"loc":{"start":{"line":447,"column":40},"end":{"line":447,"column":82}},"line":447},"34":{"name":"addItemToBasket","decl":{"start":{"line":463,"column":9},"end":{"line":463,"column":24}},"loc":{"start":{"line":463,"column":42},"end":{"line":487,"column":1}},"line":463},"35":{"name":"(anonymous_35)","decl":{"start":{"line":489,"column":23},"end":{"line":489,"column":24}},"loc":{"start":{"line":489,"column":37},"end":{"line":502,"column":1}},"line":489},"36":{"name":"(anonymous_36)","decl":{"start":{"line":504,"column":45},"end":{"line":504,"column":46}},"loc":{"start":{"line":504,"column":59},"end":{"line":520,"column":1}},"line":504},"37":{"name":"(anonymous_37)","decl":{"start":{"line":522,"column":32},"end":{"line":522,"column":33}},"loc":{"start":{"line":522,"column":46},"end":{"line":533,"column":1}},"line":522}},"branchMap":{"0":{"loc":{"start":{"line":169,"column":8},"end":{"line":171,"column":9}},"type":"if","locations":[{"start":{"line":169,"column":8},"end":{"line":171,"column":9}},{"start":{},"end":{}}],"line":169},"1":{"loc":{"start":{"line":182,"column":6},"end":{"line":184,"column":7}},"type":"if","locations":[{"start":{"line":182,"column":6},"end":{"line":184,"column":7}},{"start":{},"end":{}}],"line":182},"2":{"loc":{"start":{"line":341,"column":2},"end":{"line":341,"column":34}},"type":"if","locations":[{"start":{"line":341,"column":2},"end":{"line":341,"column":34}},{"start":{},"end":{}}],"line":341},"3":{"loc":{"start":{"line":357,"column":2},"end":{"line":358,"column":61}},"type":"if","locations":[{"start":{"line":357,"column":2},"end":{"line":358,"column":61}},{"start":{},"end":{}}],"line":357},"4":{"loc":{"start":{"line":366,"column":2},"end":{"line":375,"column":3}},"type":"if","locations":[{"start":{"line":366,"column":2},"end":{"line":375,"column":3}},{"start":{"line":368,"column":9},"end":{"line":375,"column":3}}],"line":366},"5":{"loc":{"start":{"line":368,"column":9},"end":{"line":375,"column":3}},"type":"if","locations":[{"start":{"line":368,"column":9},"end":{"line":375,"column":3}},{"start":{"line":370,"column":9},"end":{"line":375,"column":3}}],"line":368},"6":{"loc":{"start":{"line":370,"column":9},"end":{"line":375,"column":3}},"type":"if","locations":[{"start":{"line":370,"column":9},"end":{"line":375,"column":3}},{"start":{"line":372,"column":9},"end":{"line":375,"column":3}}],"line":370},"7":{"loc":{"start":{"line":399,"column":4},"end":{"line":399,"column":61}},"type":"cond-expr","locations":[{"start":{"line":399,"column":34},"end":{"line":399,"column":44}},{"start":{"line":399,"column":47},"end":{"line":399,"column":61}}],"line":399},"8":{"loc":{"start":{"line":425,"column":6},"end":{"line":430,"column":7}},"type":"if","locations":[{"start":{"line":425,"column":6},"end":{"line":430,"column":7}},{"start":{},"end":{}}],"line":425},"9":{"loc":{"start":{"line":448,"column":6},"end":{"line":456,"column":11}},"type":"if","locations":[{"start":{"line":448,"column":6},"end":{"line":456,"column":11}},{"start":{},"end":{}}],"line":448},"10":{"loc":{"start":{"line":469,"column":4},"end":{"line":472,"column":5}},"type":"if","locations":[{"start":{"line":469,"column":4},"end":{"line":472,"column":5}},{"start":{},"end":{}}],"line":469},"11":{"loc":{"start":{"line":474,"column":23},"end":{"line":474,"column":55}},"type":"cond-expr","locations":[{"start":{"line":474,"column":31},"end":{"line":474,"column":38}},{"start":{"line":474,"column":41},"end":{"line":474,"column":55}}],"line":474},"12":{"loc":{"start":{"line":476,"column":2},"end":{"line":485,"column":3}},"type":"if","locations":[{"start":{"line":476,"column":2},"end":{"line":485,"column":3}},{"start":{"line":480,"column":9},"end":{"line":485,"column":3}}],"line":476},"13":{"loc":{"start":{"line":514,"column":4},"end":{"line":517,"column":5}},"type":"if","locations":[{"start":{"line":514,"column":4},"end":{"line":517,"column":5}},{"start":{},"end":{}}],"line":514},"14":{"loc":{"start":{"line":525,"column":2},"end":{"line":532,"column":3}},"type":"if","locations":[{"start":{"line":525,"column":2},"end":{"line":532,"column":3}},{"start":{"line":530,"column":9},"end":{"line":532,"column":3}}],"line":525}},"s":{"0":3,"1":3,"2":3,"3":3,"4":3,"5":6,"6":6,"7":6,"8":6,"9":6,"10":15,"11":15,"12":0,"13":0,"14":0,"15":0,"16":0,"17":0,"18":0,"19":6,"20":6,"21":6,"22":6,"23":6,"24":6,"25":6,"26":6,"27":6,"28":6,"29":3,"30":3,"31":72,"32":72,"33":72,"34":72,"35":72,"36":72,"37":72,"38":72,"39":3,"40":3,"41":3,"42":3,"43":3,"44":3,"45":3,"46":3,"47":3,"48":3,"49":6,"50":3,"51":3,"52":3,"53":2,"54":2,"55":2,"56":2,"57":1,"58":1,"59":1,"60":6,"61":6,"62":24,"63":24,"64":1,"65":2,"66":3,"67":3,"68":8,"69":8,"70":28,"71":28,"72":2,"73":1,"74":3,"75":0,"76":0,"77":0,"78":0,"79":0,"80":0,"81":0,"82":3,"83":0,"84":3,"85":0,"86":3,"87":0,"88":3,"89":0,"90":3,"91":0,"92":3,"93":0,"94":3,"95":0,"96":3,"97":0,"98":0,"99":3,"100":0,"101":0,"102":0,"103":0,"104":0,"105":0,"106":3,"107":0,"108":0,"109":0,"110":0,"111":0,"112":0,"113":0,"114":0,"115":0,"116":0,"117":0,"118":0,"119":0,"120":0,"121":0,"122":0,"123":0,"124":3,"125":0,"126":3,"127":0,"128":0,"129":0,"130":0,"131":0,"132":3,"133":0,"134":0,"135":0,"136":0,"137":0,"138":0,"139":0,"140":0,"141":0,"142":0,"143":0,"144":0,"145":0,"146":0,"147":0,"148":0,"149":0,"150":0,"151":0,"152":0,"153":0,"154":0,"155":0,"156":0,"157":0,"158":3,"159":3,"160":3,"161":3,"162":1,"163":1,"164":1,"165":3,"166":3,"167":3,"168":1,"169":2,"170":2,"171":2,"172":2,"173":3,"174":0,"175":0,"176":0,"177":0,"178":3,"179":0,"180":0,"181":0,"182":0,"183":0,"184":0,"185":0,"186":0,"187":0,"188":0,"189":0,"190":0,"191":0,"192":0,"193":3,"194":0,"195":0,"196":0,"197":0,"198":0,"199":0,"200":3},"f":{"0":6,"1":15,"2":0,"3":0,"4":6,"5":6,"6":3,"7":72,"8":2,"9":3,"10":0,"11":0,"12":0,"13":0,"14":0,"15":0,"16":0,"17":0,"18":0,"19":0,"20":0,"21":0,"22":0,"23":0,"24":0,"25":0,"26":0,"27":0,"28":0,"29":0,"30":0,"31":0,"32":0,"33":0,"34":3,"35":0,"36":0,"37":0},"b":{"0":[1,23],"1":[2,26],"2":[0,0],"3":[0,0],"4":[0,0],"5":[0,0],"6":[0,0],"7":[0,0],"8":[0,0],"9":[0,0],"10":[1,0],"11":[1,2],"12":[1,2],"13":[0,0],"14":[0,0]},"_coverageSchema":"1a1c01bbd47fc00a2c39e90264f33305004495a9","hash":"da3908e0ffb60ce153550836031286fa21bc65a5"}
}
