TN:
SF:routes/index.js
FN:11,(anonymous_0)
FN:24,(anonymous_1)
FN:31,(anonymous_2)
FN:39,(anonymous_3)
FN:49,(anonymous_4)
FN:56,(anonymous_5)
FN:69,(anonymous_6)
FN:77,(anonymous_7)
FN:156,calcBasketPrice
FN:178,findProductPrice
FN:193,(anonymous_10)
FN:204,(anonymous_11)
FN:216,(anonymous_12)
FN:223,(anonymous_13)
FN:235,(anonymous_14)
FN:253,(anonymous_15)
FN:260,(anonymous_16)
FN:265,(anonymous_17)
FN:276,(anonymous_18)
FN:286,(anonymous_19)
FN:299,(anonymous_20)
FN:313,(anonymous_21)
FN:319,(anonymous_22)
FN:338,(anonymous_23)
FN:353,(anonymous_24)
FN:364,findByStatus
FN:367,(anonymous_26)
FN:369,(anonymous_27)
FN:371,(anonymous_28)
FN:383,(anonymous_29)
FN:390,(anonymous_30)
FN:412,(anonymous_31)
FN:440,constructBasket
FN:447,(anonymous_33)
FN:463,addItemToBasket
FN:489,(anonymous_35)
FN:504,(anonymous_36)
FN:522,(anonymous_37)
FNF:38
FNH:9
FNDA:6,(anonymous_0)
FNDA:15,(anonymous_1)
FNDA:0,(anonymous_2)
FNDA:0,(anonymous_3)
FNDA:6,(anonymous_4)
FNDA:6,(anonymous_5)
FNDA:3,(anonymous_6)
FNDA:72,(anonymous_7)
FNDA:2,calcBasketPrice
FNDA:3,findProductPrice
FNDA:0,(anonymous_10)
FNDA:0,(anonymous_11)
FNDA:0,(anonymous_12)
FNDA:0,(anonymous_13)
FNDA:0,(anonymous_14)
FNDA:0,(anonymous_15)
FNDA:0,(anonymous_16)
FNDA:0,(anonymous_17)
FNDA:0,(anonymous_18)
FNDA:0,(anonymous_19)
FNDA:0,(anonymous_20)
FNDA:0,(anonymous_21)
FNDA:0,(anonymous_22)
FNDA:0,(anonymous_23)
FNDA:0,(anonymous_24)
FNDA:0,findByStatus
FNDA:0,(anonymous_26)
FNDA:0,(anonymous_27)
FNDA:0,(anonymous_28)
FNDA:0,(anonymous_29)
FNDA:0,(anonymous_30)
FNDA:0,(anonymous_31)
FNDA:0,constructBasket
FNDA:0,(anonymous_33)
FNDA:3,addItemToBasket
FNDA:0,(anonymous_35)
FNDA:0,(anonymous_36)
FNDA:0,(anonymous_37)
DA:1,3
DA:4,3
DA:6,3
DA:7,3
DA:8,3
DA:13,6
DA:16,6
DA:17,6
DA:18,6
DA:19,6
DA:25,15
DA:26,15
DA:32,0
DA:33,0
DA:34,0
DA:40,0
DA:41,0
DA:42,0
DA:43,0
DA:50,6
DA:51,6
DA:57,6
DA:58,6
DA:59,6
DA:60,6
DA:61,6
DA:62,6
DA:63,6
DA:64,6
DA:70,3
DA:71,3
DA:78,72
DA:79,72
DA:80,72
DA:81,72
DA:82,72
DA:83,72
DA:84,72
DA:85,72
DA:89,3
DA:94,3
DA:95,3
DA:96,3
DA:99,3
DA:140,3
DA:143,3
DA:144,3
DA:146,3
DA:147,6
DA:150,3
DA:152,3
DA:153,3
DA:158,2
DA:160,2
DA:162,2
DA:163,1
DA:166,1
DA:167,6
DA:168,24
DA:169,24
DA:170,1
DA:175,2
DA:179,3
DA:180,8
DA:181,28
DA:182,28
DA:183,2
DA:187,1
DA:191,3
DA:194,0
DA:205,0
DA:206,0
DA:217,0
DA:220,0
DA:225,0
DA:236,0
DA:253,3
DA:254,0
DA:260,3
DA:261,0
DA:265,3
DA:266,0
DA:276,3
DA:277,0
DA:286,3
DA:287,0
DA:299,3
DA:300,0
DA:313,3
DA:314,0
DA:319,3
DA:320,0
DA:321,0
DA:338,3
DA:339,0
DA:340,0
DA:341,0
DA:342,0
DA:343,0
DA:353,3
DA:355,0
DA:357,0
DA:358,0
DA:360,0
DA:366,0
DA:367,0
DA:368,0
DA:369,0
DA:370,0
DA:371,0
DA:373,0
DA:377,0
DA:379,0
DA:381,0
DA:383,3
DA:384,0
DA:390,3
DA:392,0
DA:393,0
DA:403,0
DA:405,0
DA:408,0
DA:412,3
DA:413,0
DA:414,0
DA:420,0
DA:421,0
DA:423,0
DA:424,0
DA:425,0
DA:426,0
DA:427,0
DA:428,0
DA:429,0
DA:434,0
DA:441,0
DA:442,0
DA:443,0
DA:444,0
DA:445,0
DA:446,0
DA:447,0
DA:448,0
DA:449,0
DA:457,0
DA:460,0
DA:464,3
DA:466,3
DA:467,3
DA:468,3
DA:469,1
DA:470,1
DA:471,1
DA:474,3
DA:475,3
DA:476,3
DA:478,1
DA:481,2
DA:482,2
DA:483,2
DA:484,2
DA:489,3
DA:490,0
DA:491,0
DA:493,0
DA:494,0
DA:504,3
DA:505,0
DA:506,0
DA:507,0
DA:508,0
DA:509,0
DA:510,0
DA:511,0
DA:512,0
DA:513,0
DA:514,0
DA:515,0
DA:516,0
DA:519,0
DA:522,3
DA:523,0
DA:525,0
DA:526,0
DA:527,0
DA:529,0
DA:531,0
DA:535,3
LF:188
LH:94
BRDA:169,0,0,1
BRDA:169,0,1,23
BRDA:182,1,0,2
BRDA:182,1,1,26
BRDA:341,2,0,0
BRDA:341,2,1,0
BRDA:357,3,0,0
BRDA:357,3,1,0
BRDA:366,4,0,0
BRDA:366,4,1,0
BRDA:368,5,0,0
BRDA:368,5,1,0
BRDA:370,6,0,0
BRDA:370,6,1,0
BRDA:399,7,0,0
BRDA:399,7,1,0
BRDA:425,8,0,0
BRDA:425,8,1,0
BRDA:448,9,0,0
BRDA:448,9,1,0
BRDA:469,10,0,1
BRDA:469,10,1,0
BRDA:474,11,0,1
BRDA:474,11,1,2
BRDA:476,12,0,1
BRDA:476,12,1,2
BRDA:514,13,0,0
BRDA:514,13,1,0
BRDA:525,14,0,0
BRDA:525,14,1,0
BRF:30
BRH:9
end_of_record
